0 info it worked if it ends with ok
1 verbose cli [ 'C:\\Program Files\\nodejs\\\\node.exe',
1 verbose cli   'C:\\Program Files\\nodejs\\node_modules\\npm\\bin\\npm-cli.js',
1 verbose cli   'install' ]
2 info using npm@1.4.28
3 info using node@v0.10.32
4 verbose node symlink C:\Program Files\nodejs\\node.exe
5 verbose readDependencies using package.json deps
6 verbose install where, deps [ 'C:\\Users\\Ivan\\Desktop\\Issue-Tracking-System',
6 verbose install   [ 'bower',
6 verbose install     'http-server',
6 verbose install     'jasmine-core',
6 verbose install     'karma',
6 verbose install     'karma-chrome-launcher',
6 verbose install     'karma-firefox-launcher',
6 verbose install     'karma-jasmine',
6 verbose install     'karma-junit-reporter',
6 verbose install     'protractor',
6 verbose install     'shelljs' ] ]
7 info preinstall angular-seed@0.0.0
8 verbose readDependencies using package.json deps
9 verbose already installed skipping bower@^1.3.1 C:\Users\Ivan\Desktop\Issue-Tracking-System
10 verbose already installed skipping http-server@^0.6.1 C:\Users\Ivan\Desktop\Issue-Tracking-System
11 verbose already installed skipping jasmine-core@^2.3.4 C:\Users\Ivan\Desktop\Issue-Tracking-System
12 verbose already installed skipping karma@~0.12 C:\Users\Ivan\Desktop\Issue-Tracking-System
13 verbose already installed skipping karma-chrome-launcher@^0.1.12 C:\Users\Ivan\Desktop\Issue-Tracking-System
14 verbose already installed skipping karma-firefox-launcher@^0.1.6 C:\Users\Ivan\Desktop\Issue-Tracking-System
15 verbose already installed skipping karma-jasmine@^0.3.5 C:\Users\Ivan\Desktop\Issue-Tracking-System
16 verbose already installed skipping karma-junit-reporter@^0.2.2 C:\Users\Ivan\Desktop\Issue-Tracking-System
17 verbose already installed skipping protractor@^2.1.0 C:\Users\Ivan\Desktop\Issue-Tracking-System
18 verbose already installed skipping shelljs@^0.2.6 C:\Users\Ivan\Desktop\Issue-Tracking-System
19 silly resolved []
20 info build C:\Users\Ivan\Desktop\Issue-Tracking-System
21 verbose linkStuff [ false, false, false, 'C:\\Users\\Ivan\\Desktop' ]
22 info linkStuff angular-seed@0.0.0
23 verbose linkBins angular-seed@0.0.0
24 verbose linkMans angular-seed@0.0.0
25 verbose rebuildBundles angular-seed@0.0.0
26 verbose rebuildBundles [ '.bin',
26 verbose rebuildBundles   'bower',
26 verbose rebuildBundles   'http-server',
26 verbose rebuildBundles   'jasmine-core',
26 verbose rebuildBundles   'karma',
26 verbose rebuildBundles   'karma-chrome-launcher',
26 verbose rebuildBundles   'karma-firefox-launcher',
26 verbose rebuildBundles   'karma-jasmine',
26 verbose rebuildBundles   'karma-junit-reporter',
26 verbose rebuildBundles   'protractor',
26 verbose rebuildBundles   'shelljs' ]
27 info install angular-seed@0.0.0
28 info postinstall angular-seed@0.0.0
29 verbose unsafe-perm in lifecycle true
30 info angular-seed@0.0.0 Failed to exec postinstall script
31 error angular-seed@0.0.0 postinstall: `bower install`
31 error Exit status 1
32 error Failed at the angular-seed@0.0.0 postinstall script.
32 error This is most likely a problem with the angular-seed package,
32 error not with npm itself.
32 error Tell the author that this fails on your system:
32 error     bower install
32 error You can get their info via:
32 error     npm owner ls angular-seed
32 error There is likely additional logging output above.
33 error System Windows_NT 6.2.9200
34 error command "C:\\Program Files\\nodejs\\\\node.exe" "C:\\Program Files\\nodejs\\node_modules\\npm\\bin\\npm-cli.js" "install"
35 error cwd C:\Users\Ivan\Desktop\Issue-Tracking-System
36 error node -v v0.10.32
37 error npm -v 1.4.28
38 error code ELIFECYCLE
39 verbose exit [ 1, true ]
